Arguments: 
  /usr/bin/node /usr/share/yarn/bin/yarn.js init

PATH: 
  /home/victor_samuel/anaconda3/bin:/home/victor_samuel/anaconda3/condabin:/home/victor_samuel/.rvm/gems/ruby-2.4.4/bin:/home/victor_samuel/.rvm/gems/ruby-2.4.4@global/bin:/home/victor_samuel/.rvm/rubies/ruby-2.4.4/bin:/usr/local/sbin:/usr/local/bin:/usr/sbin:/usr/bin:/sbin:/bin:/usr/games:/usr/local/games:/snap/bin:/home/victor_samuel/.rvm/bin:/home/victor_samuel/.rvm/bin:/home/victor_samuel/Android/Sdk/emulator:/home/victor_samuel/Android/Sdk/tools:/home/victor_samuel/Android/Sdk/tools/bin:/home/victor_samuel/Android/Sdk/platform-tools:/home/victor_samuel/.rvm/bin:/home/victor_samuel/Android/Sdk/emulator:/home/victor_samuel/Android/Sdk/tools:/home/victor_samuel/Android/Sdk/tools/bin:/home/victor_samuel/Android/Sdk/platform-tools

Yarn version: 
  1.21.1

Node version: 
  12.18.4

Platform: 
  linux x64

Trace: 
  Error: canceled
      at Interface.<anonymous> (/usr/share/yarn/lib/cli.js:136925:13)
      at Interface.emit (events.js:315:20)
      at Interface._ttyWrite (readline.js:868:16)
      at ReadStream.onkeypress (readline.js:205:10)
      at ReadStream.emit (events.js:315:20)
      at emitKeys (internal/readline/utils.js:335:14)
      at emitKeys.next (<anonymous>)
      at ReadStream.onData (readline.js:1137:36)
      at ReadStream.emit (events.js:315:20)
      at addChunk (_stream_readable.js:295:12)

npm manifest: 
  No manifest

yarn manifest: 
  No manifest

Lockfile: 
  No lockfile
